Flow report for Huerta_Automatizada
Sun Jun 13 13:16:29 2021
Quartus II 64-Bit Version 13.0.1 Build 232 06/12/2013 Service Pack 1 SJ Web Edition


---------------------
; Table of Contents ;
---------------------
  1. Legal Notice
  2. Flow Summary
  3. Flow Settings
  4. Flow Non-Default Global Settings
  5. Flow Elapsed Time
  6. Flow OS Summary
  7. Flow Log
  8. Flow Messages
  9. Flow Suppressed Messages



----------------
; Legal Notice ;
----------------
Copyright (C) 1991-2013 Altera Corporation
Your use of Altera Corporation's design tools, logic functions 
and other software and tools, and its AMPP partner logic 
functions, and any output files from any of the foregoing 
(including device programming or simulation files), and any 
associated documentation or information are expressly subject 
to the terms and conditions of the Altera Program License 
Subscription Agreement, Altera MegaCore Function License 
Agreement, or other applicable license agreement, including, 
without limitation, that your use is for the sole purpose of 
programming logic devices manufactured by Altera and sold by 
Altera or its authorized distributors.  Please refer to the 
applicable agreement for further details.



+--------------------------------------------------------------------------------------+
; Flow Summary                                                                         ;
+------------------------------------+-------------------------------------------------+
; Flow Status                        ; Successful - Sun Jun 13 13:16:29 2021           ;
; Quartus II 64-Bit Version          ; 13.0.1 Build 232 06/12/2013 SP 1 SJ Web Edition ;
; Revision Name                      ; Huerta_Automatizada                             ;
; Top-level Entity Name              ; Huerta_Automatizada                             ;
; Family                             ; Cyclone II                                      ;
; Device                             ; EP2C20F484C7                                    ;
; Timing Models                      ; Final                                           ;
; Total logic elements               ; 227 / 18,752 ( 1 % )                            ;
;     Total combinational functions  ; 223 / 18,752 ( 1 % )                            ;
;     Dedicated logic registers      ; 80 / 18,752 ( < 1 % )                           ;
; Total registers                    ; 80                                              ;
; Total pins                         ; 51 / 315 ( 16 % )                               ;
; Total virtual pins                 ; 0                                               ;
; Total memory bits                  ; 216 / 239,616 ( < 1 % )                         ;
; Embedded Multiplier 9-bit elements ; 0 / 52 ( 0 % )                                  ;
; Total PLLs                         ; 0 / 4 ( 0 % )                                   ;
+------------------------------------+-------------------------------------------------+


+-----------------------------------------+
; Flow Settings                           ;
+-------------------+---------------------+
; Option            ; Setting             ;
+-------------------+---------------------+
; Start date & time ; 06/13/2021 13:15:56 ;
; Main task         ; Compilation         ;
; Revision Name     ; Huerta_Automatizada ;
+-------------------+---------------------+


+---------------------------------------------------------------------------------------------------------------------------------------+
; Flow Non-Default Global Settings                                                                                                      ;
+-------------------------------------+--------------------------------------------------+---------------+-------------+----------------+
; Assignment Name                     ; Value                                            ; Default Value ; Entity Name ; Section Id     ;
+-------------------------------------+--------------------------------------------------+---------------+-------------+----------------+
; COMPILER_SIGNATURE_ID               ; 124009912033422.162360815608504                  ; --            ; --          ; --             ;
; EDA_OUTPUT_DATA_FORMAT              ; Vhdl                                             ; --            ; --          ; eda_simulation ;
; EDA_SIMULATION_TOOL                 ; ModelSim-Altera (VHDL)                           ; <None>        ; --          ; --             ;
; IP_TOOL_NAME                        ; LPM_COMPARE                                      ; --            ; --          ; --             ;
; IP_TOOL_NAME                        ; LPM_COMPARE                                      ; --            ; --          ; --             ;
; IP_TOOL_NAME                        ; LPM_COMPARE                                      ; --            ; --          ; --             ;
; IP_TOOL_NAME                        ; LPM_COMPARE                                      ; --            ; --          ; --             ;
; IP_TOOL_NAME                        ; LPM_COMPARE                                      ; --            ; --          ; --             ;
; IP_TOOL_NAME                        ; LPM_COMPARE                                      ; --            ; --          ; --             ;
; IP_TOOL_NAME                        ; LPM_COMPARE                                      ; --            ; --          ; --             ;
; IP_TOOL_NAME                        ; LPM_COMPARE                                      ; --            ; --          ; --             ;
; IP_TOOL_NAME                        ; LPM_COMPARE                                      ; --            ; --          ; --             ;
; IP_TOOL_NAME                        ; LPM_COMPARE                                      ; --            ; --          ; --             ;
; IP_TOOL_NAME                        ; LPM_COMPARE                                      ; --            ; --          ; --             ;
; IP_TOOL_NAME                        ; LPM_COMPARE                                      ; --            ; --          ; --             ;
; IP_TOOL_NAME                        ; LPM_COMPARE                                      ; --            ; --          ; --             ;
; IP_TOOL_NAME                        ; LPM_COUNTER                                      ; --            ; --          ; --             ;
; IP_TOOL_NAME                        ; LPM_COMPARE                                      ; --            ; --          ; --             ;
; IP_TOOL_NAME                        ; LPM_COUNTER                                      ; --            ; --          ; --             ;
; IP_TOOL_NAME                        ; LPM_ADD_SUB                                      ; --            ; --          ; --             ;
; IP_TOOL_NAME                        ; LPM_COMPARE                                      ; --            ; --          ; --             ;
; IP_TOOL_NAME                        ; LPM_DIVIDE                                       ; --            ; --          ; --             ;
; IP_TOOL_VERSION                     ; 13.0                                             ; --            ; --          ; --             ;
; IP_TOOL_VERSION                     ; 13.0                                             ; --            ; --          ; --             ;
; IP_TOOL_VERSION                     ; 13.0                                             ; --            ; --          ; --             ;
; IP_TOOL_VERSION                     ; 13.0                                             ; --            ; --          ; --             ;
; IP_TOOL_VERSION                     ; 13.0                                             ; --            ; --          ; --             ;
; IP_TOOL_VERSION                     ; 13.0                                             ; --            ; --          ; --             ;
; IP_TOOL_VERSION                     ; 13.0                                             ; --            ; --          ; --             ;
; IP_TOOL_VERSION                     ; 13.0                                             ; --            ; --          ; --             ;
; IP_TOOL_VERSION                     ; 13.0                                             ; --            ; --          ; --             ;
; IP_TOOL_VERSION                     ; 13.0                                             ; --            ; --          ; --             ;
; IP_TOOL_VERSION                     ; 13.0                                             ; --            ; --          ; --             ;
; IP_TOOL_VERSION                     ; 13.0                                             ; --            ; --          ; --             ;
; IP_TOOL_VERSION                     ; 13.0                                             ; --            ; --          ; --             ;
; IP_TOOL_VERSION                     ; 13.0                                             ; --            ; --          ; --             ;
; IP_TOOL_VERSION                     ; 13.0                                             ; --            ; --          ; --             ;
; IP_TOOL_VERSION                     ; 13.0                                             ; --            ; --          ; --             ;
; IP_TOOL_VERSION                     ; 13.0                                             ; --            ; --          ; --             ;
; IP_TOOL_VERSION                     ; 13.0                                             ; --            ; --          ; --             ;
; IP_TOOL_VERSION                     ; 13.0                                             ; --            ; --          ; --             ;
; MAX_CORE_JUNCTION_TEMP              ; 85                                               ; --            ; --          ; --             ;
; MIN_CORE_JUNCTION_TEMP              ; 0                                                ; --            ; --          ; --             ;
; MISC_FILE                           ; comparador_nitrogeno_maximo_cana_de_azucar.bsf   ; --            ; --          ; --             ;
; MISC_FILE                           ; comparador_nitrogeno_maximo_cana_de_azucar.cmp   ; --            ; --          ; --             ;
; MISC_FILE                           ; comparador_potasio_minimo_cana_de_azucar.bsf     ; --            ; --          ; --             ;
; MISC_FILE                           ; comparador_potasio_minimo_cana_de_azucar.cmp     ; --            ; --          ; --             ;
; MISC_FILE                           ; comparador_potasio_maximo_cana_de_azucar.bsf     ; --            ; --          ; --             ;
; MISC_FILE                           ; comparador_potasio_maximo_cana_de_azucar.cmp     ; --            ; --          ; --             ;
; MISC_FILE                           ; comparador_temperatura_minima_cana_de_azucar.bsf ; --            ; --          ; --             ;
; MISC_FILE                           ; comparador_temperatura_minima_cana_de_azucar.cmp ; --            ; --          ; --             ;
; MISC_FILE                           ; comparador_temperatura_maxima_cana_de_azucar.bsf ; --            ; --          ; --             ;
; MISC_FILE                           ; comparador_temperatura_maxima_cana_de_azucar.cmp ; --            ; --          ; --             ;
; MISC_FILE                           ; comparador_humedad_minima_cana_de_azucar.bsf     ; --            ; --          ; --             ;
; MISC_FILE                           ; comparador_humedad_minima_cana_de_azucar.cmp     ; --            ; --          ; --             ;
; MISC_FILE                           ; comparador_humedad_maxima_cana_de_azucar.bsf     ; --            ; --          ; --             ;
; MISC_FILE                           ; comparador_humedad_maxima_cana_de_azucar.cmp     ; --            ; --          ; --             ;
; MISC_FILE                           ; comparador_potasio_minimo_menta.bsf              ; --            ; --          ; --             ;
; MISC_FILE                           ; comparador_potasio_minimo_menta.cmp              ; --            ; --          ; --             ;
; MISC_FILE                           ; comparador_potasio_maximo_menta.bsf              ; --            ; --          ; --             ;
; MISC_FILE                           ; comparador_potasio_maximo_menta.cmp              ; --            ; --          ; --             ;
; MISC_FILE                           ; comparador_temperatura_minima_menta.bsf          ; --            ; --          ; --             ;
; MISC_FILE                           ; comparador_temperatura_minima_menta.cmp          ; --            ; --          ; --             ;
; MISC_FILE                           ; comparador_temperatura_maxima_menta.bsf          ; --            ; --          ; --             ;
; MISC_FILE                           ; comparador_temperatura_maxima_menta.cmp          ; --            ; --          ; --             ;
; MISC_FILE                           ; comparador_humedad_minima_menta.bsf              ; --            ; --          ; --             ;
; MISC_FILE                           ; comparador_humedad_minima_menta.cmp              ; --            ; --          ; --             ;
; MISC_FILE                           ; comparador_humedad_maxima_menta.bsf              ; --            ; --          ; --             ;
; MISC_FILE                           ; comparador_humedad_maxima_menta.cmp              ; --            ; --          ; --             ;
; MISC_FILE                           ; lpm_counter1.bsf                                 ; --            ; --          ; --             ;
; MISC_FILE                           ; lpm_counter1.cmp                                 ; --            ; --          ; --             ;
; MISC_FILE                           ; lpm_compare11.bsf                                ; --            ; --          ; --             ;
; MISC_FILE                           ; lpm_compare11.cmp                                ; --            ; --          ; --             ;
; MISC_FILE                           ; lpm_counter2.bsf                                 ; --            ; --          ; --             ;
; MISC_FILE                           ; lpm_counter2.cmp                                 ; --            ; --          ; --             ;
; MISC_FILE                           ; lpm_add_sub0.bsf                                 ; --            ; --          ; --             ;
; MISC_FILE                           ; lpm_add_sub0.cmp                                 ; --            ; --          ; --             ;
; MISC_FILE                           ; lpm_compare12.bsf                                ; --            ; --          ; --             ;
; MISC_FILE                           ; lpm_compare12.cmp                                ; --            ; --          ; --             ;
; MISC_FILE                           ; lpm_divide0.bsf                                  ; --            ; --          ; --             ;
; MISC_FILE                           ; lpm_divide0.cmp                                  ; --            ; --          ; --             ;
; PARTITION_COLOR                     ; 16764057                                         ; --            ; --          ; Top            ;
; PARTITION_FITTER_PRESERVATION_LEVEL ; PLACEMENT_AND_ROUTING                            ; --            ; --          ; Top            ;
; PARTITION_NETLIST_TYPE              ; SOURCE                                           ; --            ; --          ; Top            ;
; PROJECT_OUTPUT_DIRECTORY            ; output_files                                     ; --            ; --          ; --             ;
+-------------------------------------+--------------------------------------------------+---------------+-------------+----------------+


+-------------------------------------------------------------------------------------------------------------------------------+
; Flow Elapsed Time                                                                                                             ;
+---------------------------+--------------+-------------------------+---------------------+------------------------------------+
; Module Name               ; Elapsed Time ; Average Processors Used ; Peak Virtual Memory ; Total CPU Time (on all processors) ;
+---------------------------+--------------+-------------------------+---------------------+------------------------------------+
; Analysis & Synthesis      ; 00:00:10     ; 1.0                     ; 4675 MB             ; 00:00:10                           ;
; Fitter                    ; 00:00:11     ; 1.0                     ; 4845 MB             ; 00:00:12                           ;
; Assembler                 ; 00:00:03     ; 1.0                     ; 4552 MB             ; 00:00:03                           ;
; TimeQuest Timing Analyzer ; 00:00:02     ; 1.0                     ; 4540 MB             ; 00:00:02                           ;
; EDA Netlist Writer        ; 00:00:01     ; 1.0                     ; 4507 MB             ; 00:00:01                           ;
; Total                     ; 00:00:27     ; --                      ; --                  ; 00:00:28                           ;
+---------------------------+--------------+-------------------------+---------------------+------------------------------------+


+----------------------------------------------------------------------------------------+
; Flow OS Summary                                                                        ;
+---------------------------+------------------+-----------+------------+----------------+
; Module Name               ; Machine Hostname ; OS Name   ; OS Version ; Processor type ;
+---------------------------+------------------+-----------+------------+----------------+
; Analysis & Synthesis      ; DESKTOP-KULJ8EK  ; Windows 7 ; 6.2        ; x86_64         ;
; Fitter                    ; DESKTOP-KULJ8EK  ; Windows 7 ; 6.2        ; x86_64         ;
; Assembler                 ; DESKTOP-KULJ8EK  ; Windows 7 ; 6.2        ; x86_64         ;
; TimeQuest Timing Analyzer ; DESKTOP-KULJ8EK  ; Windows 7 ; 6.2        ; x86_64         ;
; EDA Netlist Writer        ; DESKTOP-KULJ8EK  ; Windows 7 ; 6.2        ; x86_64         ;
+---------------------------+------------------+-----------+------------+----------------+


------------
; Flow Log ;
------------
quartus_map --read_settings_files=on --write_settings_files=off Huerta_Automatizada -c Huerta_Automatizada
quartus_fit --read_settings_files=off --write_settings_files=off Huerta_Automatizada -c Huerta_Automatizada
quartus_asm --read_settings_files=off --write_settings_files=off Huerta_Automatizada -c Huerta_Automatizada
quartus_sta Huerta_Automatizada -c Huerta_Automatizada
quartus_eda --read_settings_files=off --write_settings_files=off Huerta_Automatizada -c Huerta_Automatizada



